<?xml version="1.0" encoding="UTF-8"?>
<!-- Generated by org.testng.reporters.JUnitXMLReporter -->
<testsuite ignored="2" hostname="priyanka" failures="0" tests="7" name="Test-Chrome" time="171.388" errors="0" timestamp="22 Aug 2024 06:47:45 GMT">
  <testcase classname="com.comcast.crm.contacttest.CreateContactTest" name="createContactTest" time="15.088"/>
  <testcase classname="com.comcast.crm.contacttest.CreateContactTest" name="createContactWithOrg" time="25.552"/>
  <testcase classname="com.comcast.crm.contacttest.CreateContactTest" name="createContactWithSupportDate" time="15.013"/>
  <testcase classname="com.comcast.crm.orgtest.CreateOrganizationTest" name="createOrgTest" time="15.902"/>
  <testcase classname="com.comcast.crm.orgtest.CreateOrganizationTest" name="createOrgTestWithIndustryTest" time="14.632"/>
  <testcase classname="com.comcast.crm.orgtest.CreateOrganizationTest" name="createOrgTestWithPhoneNumberTest" time="14.886"/>
  <testcase classname="com.comcast.crm.orgtest.CreateOrganizationTest" name="deleteOrgTest" time="19.133"/>
  <testcase classname="com.comcast.crm.basetest.Baseclass" name="@AfterSuite configAS" time="0.0">
    <ignored/>
  </testcase> <!-- @AfterSuite configAS -->
  <testcase classname="com.comcast.crm.basetest.Baseclass" name="@BeforeSuite configBS" time="0.0">
    <ignored/>
  </testcase> <!-- @BeforeSuite configBS -->
</testsuite> <!-- Test-Chrome -->
