<?xml version="1.0" encoding="UTF-8"?>
<!-- Generated by org.testng.reporters.JUnitXMLReporter -->
<testsuite ignored="2" hostname="priyanka" failures="0" tests="7" name="Test-Edge" time="173.359" errors="0" timestamp="22 Aug 2024 06:47:47 GMT">
  <testcase classname="com.comcast.crm.contacttest.CreateContactTest" name="createContactTest" time="14.508"/>
  <testcase classname="com.comcast.crm.contacttest.CreateContactTest" name="createContactWithOrg" time="25.193"/>
  <testcase classname="com.comcast.crm.contacttest.CreateContactTest" name="createContactWithSupportDate" time="14.542"/>
  <testcase classname="com.comcast.crm.orgtest.CreateOrganizationTest" name="createOrgTest" time="15.017"/>
  <testcase classname="com.comcast.crm.orgtest.CreateOrganizationTest" name="createOrgTestWithIndustryTest" time="14.744"/>
  <testcase classname="com.comcast.crm.orgtest.CreateOrganizationTest" name="createOrgTestWithPhoneNumberTest" time="14.892"/>
  <testcase classname="com.comcast.crm.orgtest.CreateOrganizationTest" name="deleteOrgTest" time="18.296"/>
  <testcase classname="com.comcast.crm.basetest.Baseclass" name="@AfterSuite configAS" time="0.0">
    <ignored/>
  </testcase> <!-- @AfterSuite configAS -->
  <testcase classname="com.comcast.crm.basetest.Baseclass" name="@BeforeSuite configBS" time="0.0">
    <ignored/>
  </testcase> <!-- @BeforeSuite configBS -->
</testsuite> <!-- Test-Edge -->
