<?xml version="1.0" encoding="UTF-8"?>
<!-- Generated by org.testng.reporters.JUnitReportReporter -->
<testsuite hostname="priyanka" failures="0" tests="3" name="practice.test.GetProductInfoTest2" time="99.241" errors="0" timestamp="20 Aug 2024 07:36:21 GMT" skipped="0">
  <testcase classname="practice.test.GetProductInfoTest2" name="getProductInfoTest" time="33.482"/>
  <testcase classname="practice.test.GetProductInfoTest2" name="getProductInfoTest" time="33.028"/>
  <testcase classname="practice.test.GetProductInfoTest2" name="getProductInfoTest" time="32.731"/>
</testsuite> <!-- practice.test.GetProductInfoTest2 -->
