<?xml version="1.0" encoding="UTF-8"?>
<!-- Generated by org.testng.reporters.JUnitReportReporter -->
<testsuite hostname="priyanka" failures="0" tests="2" name="practice.test.AssertTest" time="13.004" errors="0" timestamp="22 Aug 2024 07:45:01 GMT" skipped="0">
  <testcase classname="practice.test.AssertTest" name="verifyHomepageLogoTest" time="6.427"/>
  <testcase classname="practice.test.AssertTest" name="homepageTest" time="6.577"/>
</testsuite> <!-- practice.test.AssertTest -->
