<?xml version="1.0" encoding="UTF-8"?>
<!-- Generated by org.testng.reporters.JUnitReportReporter -->
<testsuite hostname="priyanka" failures="0" tests="3" name="com.comcast.crm.contacttest.CreateContactTest" time="62.325" errors="0" timestamp="29 Aug 2024 15:08:28 GMT" skipped="0">
  <testcase classname="com.comcast.crm.contacttest.CreateContactTest" name="createContactWithOrg" time="27.851"/>
  <testcase classname="com.comcast.crm.contacttest.CreateContactTest" name="createContactTest" time="16.897"/>
  <testcase classname="com.comcast.crm.contacttest.CreateContactTest" name="createContactWithSupportDate" time="17.577"/>
</testsuite> <!-- com.comcast.crm.contacttest.CreateContactTest -->
