<?xml version="1.0" encoding="UTF-8"?>
<!-- Generated by org.testng.reporters.JUnitReportReporter -->
<testsuite hostname="priyanka" failures="0" tests="3" name="practice.test.GetProductInfoTest" time="102.538" errors="0" timestamp="20 Aug 2024 07:30:41 GMT" skipped="0">
  <testcase classname="practice.test.GetProductInfoTest" name="getProductInfoTest" time="32.746"/>
  <testcase classname="practice.test.GetProductInfoTest" name="getProductInfoTest" time="33.836"/>
  <testcase classname="practice.test.GetProductInfoTest" name="getProductInfoTest" time="35.956"/>
</testsuite> <!-- practice.test.GetProductInfoTest -->
